<?xml version="1.0" encoding="UTF-8"?>
<testsuite name="com.lguplus.qa.CalculatorTest" tests="1" skipped="0" failures="0" errors="0" timestamp="2024-01-16T03:03:05" hostname="Sanggilui-noteubug.local" time="0.18">
  <properties/>
  <testcase name="Add" classname="com.lguplus.qa.CalculatorTest" time="0.18"/>
  <system-out><![CDATA[]]></system-out>
  <system-err><![CDATA[]]></system-err>
</testsuite>
