<?xml version="1.0" encoding="UTF-8"?>
<testsuite name="com.lguplus.qa.CalculatorTest" tests="1" skipped="0" failures="0" errors="0" timestamp="2024-01-16T05:40:46" hostname="Sanggilui-noteubug.local" time="0.093">
  <properties/>
  <testcase name="Add [a: 5, b: 7, #0]" classname="com.lguplus.qa.CalculatorTest" time="0.093"/>
  <system-out><![CDATA[]]></system-out>
  <system-err><![CDATA[]]></system-err>
</testsuite>
